{"/Users/enzofalone/dev/gemstone/api/src/config.ts": {"path":"/Users/enzofalone/dev/gemstone/api/src/config.ts","statementMap":{"0":{"start":{"line":1,"column":0},"end":{"line":1,"column":23}},"1":{"start":{"line":3,"column":13},"end":{"line":3,"column":59}},"2":{"start":{"line":4,"column":13},"end":{"line":4,"column":45}},"3":{"start":{"line":5,"column":13},"end":{"line":7,"column":59}},"4":{"start":{"line":8,"column":13},"end":{"line":8,"column":57}}},"fnMap":{},"branchMap":{"0":{"loc":{"start":{"line":3,"column":26},"end":{"line":3,"column":58}},"type":"cond-expr","locations":[{"start":{"line":3,"column":48},"end":{"line":3,"column":52}},{"start":{"line":3,"column":52},"end":{"line":3,"column":58}}]},"1":{"loc":{"start":{"line":3,"column":26},"end":{"line":3,"column":52}},"type":"binary-expr","locations":[{"start":{"line":3,"column":26},"end":{"line":3,"column":52}},{"start":{"line":3,"column":48},"end":{"line":3,"column":52}}]},"2":{"loc":{"start":{"line":4,"column":20},"end":{"line":4,"column":44}},"type":"cond-expr","locations":[{"start":{"line":4,"column":36},"end":{"line":4,"column":40}},{"start":{"line":4,"column":40},"end":{"line":4,"column":44}}]},"3":{"loc":{"start":{"line":4,"column":20},"end":{"line":4,"column":40}},"type":"binary-expr","locations":[{"start":{"line":4,"column":20},"end":{"line":4,"column":40}},{"start":{"line":4,"column":36},"end":{"line":4,"column":40}}]},"4":{"loc":{"start":{"line":6,"column":2},"end":{"line":7,"column":58}},"type":"cond-expr","locations":[{"start":{"line":6,"column":20},"end":{"line":6,"column":null}},{"start":{"line":7,"column":2},"end":{"line":7,"column":58}}]},"5":{"loc":{"start":{"line":6,"column":2},"end":{"line":6,"column":null}},"type":"binary-expr","locations":[{"start":{"line":6,"column":2},"end":{"line":6,"column":null}},{"start":{"line":6,"column":20},"end":{"line":6,"column":null}}]},"6":{"loc":{"start":{"line":8,"column":27},"end":{"line":8,"column":56}},"type":"binary-expr","locations":[{"start":{"line":8,"column":27},"end":{"line":8,"column":50}},{"start":{"line":8,"column":54},"end":{"line":8,"column":56}}]}},"s":{"0":2,"1":2,"2":2,"3":2,"4":2},"f":{},"b":{"0":[2,0],"1":[2,2],"2":[2,0],"3":[2,2],"4":[2,0],"5":[2,2],"6":[2,2]}}
,"/Users/enzofalone/dev/gemstone/api/src/server.ts": {"path":"/Users/enzofalone/dev/gemstone/api/src/server.ts","statementMap":{"0":{"start":{"line":1,"column":0},"end":{"line":1,"column":16}},"1":{"start":{"line":2,"column":0},"end":{"line":2,"column":67}},"2":{"start":{"line":3,"column":0},"end":{"line":3,"column":28}},"3":{"start":{"line":4,"column":0},"end":{"line":4,"column":32}},"4":{"start":{"line":5,"column":0},"end":{"line":5,"column":71}},"5":{"start":{"line":6,"column":0},"end":{"line":6,"column":39}},"6":{"start":{"line":7,"column":0},"end":{"line":7,"column":17}},"7":{"start":{"line":9,"column":12},"end":{"line":9,"column":21}},"8":{"start":{"line":11,"column":0},"end":{"line":11,"column":24}},"9":{"start":{"line":12,"column":0},"end":{"line":12,"column":24}},"10":{"start":{"line":15,"column":0},"end":{"line":15,"column":29}},"11":{"start":{"line":18,"column":0},"end":{"line":20,"column":3}},"12":{"start":{"line":19,"column":2},"end":{"line":19,"column":41}},"13":{"start":{"line":22,"column":0},"end":{"line":22,"column":29}},"14":{"start":{"line":24,"column":0},"end":{"line":26,"column":3}},"15":{"start":{"line":25,"column":2},"end":{"line":25,"column":49}},"16":{"start":{"line":28,"column":0},"end":{"line":28,"column":19}}},"fnMap":{"0":{"name":"(anonymous_1)","decl":{"start":{"line":18,"column":13},"end":{"line":18,"column":14}},"loc":{"start":{"line":18,"column":65},"end":{"line":20,"column":1}}},"1":{"name":"(anonymous_2)","decl":{"start":{"line":24,"column":17},"end":{"line":24,"column":20}},"loc":{"start":{"line":24,"column":22},"end":{"line":26,"column":1}}}},"branchMap":{},"s":{"0":1,"1":1,"2":1,"3":1,"4":1,"5":1,"6":1,"7":1,"8":1,"9":1,"10":1,"11":1,"12":1,"13":1,"14":1,"15":1,"16":1},"f":{"0":1,"1":1},"b":{}}
,"/Users/enzofalone/dev/gemstone/api/src/controllers/user.ts": {"path":"/Users/enzofalone/dev/gemstone/api/src/controllers/user.ts","statementMap":{"0":{"start":{"line":2,"column":0},"end":{"line":2,"column":43}},"1":{"start":{"line":3,"column":0},"end":{"line":3,"column":61}},"2":{"start":{"line":11,"column":35},"end":{"line":11,"column":43}},"3":{"start":{"line":13,"column":4},"end":{"line":20,"column":5}},"4":{"start":{"line":14,"column":6},"end":{"line":19,"column":8}},"5":{"start":{"line":22,"column":4},"end":{"line":31,"column":5}},"6":{"start":{"line":23,"column":31},"end":{"line":25,"column":null}},"7":{"start":{"line":28,"column":6},"end":{"line":28,"column":45}},"8":{"start":{"line":30,"column":6},"end":{"line":30,"column":25}},"9":{"start":{"line":35,"column":35},"end":{"line":35,"column":43}},"10":{"start":{"line":37,"column":4},"end":{"line":44,"column":5}},"11":{"start":{"line":38,"column":6},"end":{"line":43,"column":8}},"12":{"start":{"line":46,"column":4},"end":{"line":52,"column":5}},"13":{"start":{"line":47,"column":28},"end":{"line":47,"column":75}},"14":{"start":{"line":49,"column":6},"end":{"line":49,"column":42}},"15":{"start":{"line":51,"column":6},"end":{"line":51,"column":25}},"16":{"start":{"line":5,"column":0},"end":{"line":5,"column":21}}},"fnMap":{"0":{"name":"(anonymous_8)","decl":{"start":{"line":10,"column":2},"end":{"line":10,"column":8}},"loc":{"start":{"line":10,"column":75},"end":{"line":32,"column":null}}},"1":{"name":"(anonymous_10)","decl":{"start":{"line":34,"column":2},"end":{"line":34,"column":8}},"loc":{"start":{"line":34,"column":72},"end":{"line":53,"column":null}}}},"branchMap":{"0":{"loc":{"start":{"line":13,"column":4},"end":{"line":20,"column":5}},"type":"if","locations":[{"start":{"line":13,"column":4},"end":{"line":20,"column":5}}]},"1":{"loc":{"start":{"line":13,"column":8},"end":{"line":13,"column":30}},"type":"binary-expr","locations":[{"start":{"line":13,"column":8},"end":{"line":13,"column":17}},{"start":{"line":13,"column":21},"end":{"line":13,"column":30}}]},"2":{"loc":{"start":{"line":37,"column":4},"end":{"line":44,"column":5}},"type":"if","locations":[{"start":{"line":37,"column":4},"end":{"line":44,"column":5}}]},"3":{"loc":{"start":{"line":37,"column":8},"end":{"line":37,"column":30}},"type":"binary-expr","locations":[{"start":{"line":37,"column":8},"end":{"line":37,"column":17}},{"start":{"line":37,"column":21},"end":{"line":37,"column":30}}]}},"s":{"0":1,"1":1,"2":0,"3":0,"4":0,"5":0,"6":0,"7":0,"8":0,"9":0,"10":0,"11":0,"12":0,"13":0,"14":0,"15":0,"16":1},"f":{"0":0,"1":0},"b":{"0":[0],"1":[0,0],"2":[0],"3":[0,0]}}
,"/Users/enzofalone/dev/gemstone/api/src/db/db.ts": {"path":"/Users/enzofalone/dev/gemstone/api/src/db/db.ts","statementMap":{"0":{"start":{"line":1,"column":0},"end":{"line":1,"column":16}},"1":{"start":{"line":2,"column":0},"end":{"line":2,"column":26}},"2":{"start":{"line":6,"column":13},"end":{"line":12,"column":2}},"3":{"start":{"line":17,"column":0},"end":{"line":20,"column":3}},"4":{"start":{"line":18,"column":2},"end":{"line":18,"column":64}},"5":{"start":{"line":19,"column":2},"end":{"line":19,"column":19}},"6":{"start":{"line":26,"column":16},"end":{"line":40,"column":2}},"7":{"start":{"line":26,"column":59},"end":{"line":40,"column":2}},"8":{"start":{"line":27,"column":17},"end":{"line":27,"column":37}},"9":{"start":{"line":30,"column":2},"end":{"line":36,"column":3}},"10":{"start":{"line":31,"column":4},"end":{"line":31,"column":55}},"11":{"start":{"line":33,"column":4},"end":{"line":33,"column":52}},"12":{"start":{"line":35,"column":4},"end":{"line":35,"column":16}},"13":{"start":{"line":37,"column":2},"end":{"line":37,"column":19}},"14":{"start":{"line":39,"column":2},"end":{"line":39,"column":18}},"15":{"start":{"line":42,"column":0},"end":{"line":42,"column":23}}},"fnMap":{"0":{"name":"(anonymous_7)","decl":{"start":{"line":17,"column":17},"end":{"line":17,"column":18}},"loc":{"start":{"line":17,"column":35},"end":{"line":20,"column":1}}},"1":{"name":"(anonymous_8)","decl":{"start":{"line":26,"column":16},"end":{"line":26,"column":23}},"loc":{"start":{"line":26,"column":59},"end":{"line":40,"column":2}}},"2":{"name":"(anonymous_9)","decl":{"start":{"line":26,"column":59},"end":{"line":26,"column":null}},"loc":{"start":{"line":26,"column":59},"end":{"line":40,"column":1}}}},"branchMap":{"0":{"loc":{"start":{"line":31,"column":36},"end":{"line":31,"column":53}},"type":"cond-expr","locations":[{"start":{"line":31,"column":36},"end":{"line":31,"column":40}},{"start":{"line":31,"column":44},"end":{"line":31,"column":53}}]},"1":{"loc":{"start":{"line":31,"column":36},"end":{"line":31,"column":44}},"type":"binary-expr","locations":[{"start":{"line":31,"column":36},"end":{"line":31,"column":44}},{"start":{"line":31,"column":36},"end":{"line":31,"column":44}}]}},"s":{"0":2,"1":2,"2":2,"3":2,"4":0,"5":0,"6":2,"7":0,"8":0,"9":0,"10":0,"11":0,"12":0,"13":0,"14":0,"15":2},"f":{"0":0,"1":0,"2":0},"b":{"0":[0,0],"1":[0,0]}}
,"/Users/enzofalone/dev/gemstone/api/src/middleware/error/generic-error.ts": {"path":"/Users/enzofalone/dev/gemstone/api/src/middleware/error/generic-error.ts","statementMap":{"0":{"start":{"line":4,"column":35},"end":{"line":11,"column":1}},"1":{"start":{"line":10,"column":2},"end":{"line":10,"column":39}},"2":{"start":{"line":4,"column":13},"end":{"line":4,"column":35}}},"fnMap":{"0":{"name":"(anonymous_0)","decl":{"start":{"line":4,"column":35},"end":{"line":4,"column":null}},"loc":{"start":{"line":9,"column":4},"end":{"line":11,"column":1}}}},"branchMap":{},"s":{"0":1,"1":0,"2":1},"f":{"0":0},"b":{}}
,"/Users/enzofalone/dev/gemstone/api/src/routes/auth.ts": {"path":"/Users/enzofalone/dev/gemstone/api/src/routes/auth.ts","statementMap":{"0":{"start":{"line":1,"column":0},"end":{"line":1,"column":30}},"1":{"start":{"line":2,"column":0},"end":{"line":2,"column":49}},"2":{"start":{"line":3,"column":15},"end":{"line":3,"column":31}},"3":{"start":{"line":5,"column":0},"end":{"line":5,"column":54}},"4":{"start":{"line":6,"column":0},"end":{"line":6,"column":48}},"5":{"start":{"line":9,"column":19},"end":{"line":9,"column":25}},"6":{"start":{"line":10,"column":0},"end":{"line":10,"column":26}}},"fnMap":{},"branchMap":{},"s":{"0":1,"1":1,"2":1,"3":1,"4":1,"5":1,"6":1},"f":{},"b":{}}
,"/Users/enzofalone/dev/gemstone/api/src/services/user.ts": {"path":"/Users/enzofalone/dev/gemstone/api/src/services/user.ts","statementMap":{"0":{"start":{"line":1,"column":0},"end":{"line":1,"column":16}},"1":{"start":{"line":2,"column":0},"end":{"line":2,"column":52}},"2":{"start":{"line":3,"column":0},"end":{"line":3,"column":33}},"3":{"start":{"line":4,"column":0},"end":{"line":4,"column":31}},"4":{"start":{"line":5,"column":0},"end":{"line":5,"column":76}},"5":{"start":{"line":6,"column":0},"end":{"line":6,"column":39}},"6":{"start":{"line":7,"column":0},"end":{"line":7,"column":40}},"7":{"start":{"line":12,"column":28},"end":{"line":12,"column":65}},"8":{"start":{"line":13,"column":4},"end":{"line":18,"column":5}},"9":{"start":{"line":14,"column":6},"end":{"line":17,"column":9}},"10":{"start":{"line":21,"column":17},"end":{"line":21,"column":63}},"11":{"start":{"line":23,"column":4},"end":{"line":25,"column":5}},"12":{"start":{"line":24,"column":6},"end":{"line":24,"column":68}},"13":{"start":{"line":28,"column":4},"end":{"line":46,"column":5}},"14":{"start":{"line":29,"column":18},"end":{"line":35,"column":null}},"15":{"start":{"line":39,"column":26},"end":{"line":41,"column":8}},"16":{"start":{"line":43,"column":6},"end":{"line":43,"column":38}},"17":{"start":{"line":45,"column":6},"end":{"line":45,"column":18}},"18":{"start":{"line":50,"column":4},"end":{"line":85,"column":5}},"19":{"start":{"line":51,"column":18},"end":{"line":57,"column":null}},"20":{"start":{"line":60,"column":6},"end":{"line":65,"column":7}},"21":{"start":{"line":61,"column":8},"end":{"line":64,"column":11}},"22":{"start":{"line":67,"column":20},"end":{"line":67,"column":61}},"23":{"start":{"line":70,"column":6},"end":{"line":75,"column":7}},"24":{"start":{"line":71,"column":8},"end":{"line":74,"column":11}},"25":{"start":{"line":78,"column":26},"end":{"line":80,"column":8}},"26":{"start":{"line":82,"column":6},"end":{"line":82,"column":38}},"27":{"start":{"line":84,"column":6},"end":{"line":84,"column":18}},"28":{"start":{"line":89,"column":21},"end":{"line":95,"column":null}},"29":{"start":{"line":98,"column":4},"end":{"line":98,"column":37}},"30":{"start":{"line":98,"column":25},"end":{"line":98,"column":37}},"31":{"start":{"line":99,"column":4},"end":{"line":99,"column":17}},"32":{"start":{"line":9,"column":0},"end":{"line":9,"column":21}}},"fnMap":{"0":{"name":"(anonymous_14)","decl":{"start":{"line":10,"column":2},"end":{"line":10,"column":8}},"loc":{"start":{"line":10,"column":62},"end":{"line":47,"column":null}}},"1":{"name":"(anonymous_16)","decl":{"start":{"line":49,"column":2},"end":{"line":49,"column":8}},"loc":{"start":{"line":49,"column":59},"end":{"line":86,"column":null}}},"2":{"name":"(anonymous_18)","decl":{"start":{"line":88,"column":2},"end":{"line":88,"column":8}},"loc":{"start":{"line":88,"column":48},"end":{"line":100,"column":null}}}},"branchMap":{"0":{"loc":{"start":{"line":13,"column":4},"end":{"line":18,"column":5}},"type":"if","locations":[{"start":{"line":13,"column":4},"end":{"line":18,"column":5}}]},"1":{"loc":{"start":{"line":21,"column":45},"end":{"line":21,"column":62}},"type":"binary-expr","locations":[{"start":{"line":21,"column":45},"end":{"line":21,"column":56}},{"start":{"line":21,"column":60},"end":{"line":21,"column":62}}]},"2":{"loc":{"start":{"line":23,"column":4},"end":{"line":25,"column":5}},"type":"if","locations":[{"start":{"line":23,"column":4},"end":{"line":25,"column":5}}]},"3":{"loc":{"start":{"line":60,"column":6},"end":{"line":65,"column":7}},"type":"if","locations":[{"start":{"line":60,"column":6},"end":{"line":65,"column":7}}]},"4":{"loc":{"start":{"line":70,"column":6},"end":{"line":75,"column":7}},"type":"if","locations":[{"start":{"line":70,"column":6},"end":{"line":75,"column":7}}]},"5":{"loc":{"start":{"line":98,"column":4},"end":{"line":98,"column":37}},"type":"if","locations":[{"start":{"line":98,"column":4},"end":{"line":98,"column":37}}]}},"s":{"0":2,"1":2,"2":2,"3":2,"4":2,"5":2,"6":2,"7":3,"8":3,"9":1,"10":2,"11":2,"12":1,"13":1,"14":1,"15":1,"16":1,"17":0,"18":3,"19":3,"20":3,"21":1,"22":2,"23":2,"24":1,"25":1,"26":1,"27":2,"28":5,"29":5,"30":2,"31":3,"32":2},"f":{"0":3,"1":3,"2":5},"b":{"0":[1],"1":[2,0],"2":[1],"3":[1],"4":[1],"5":[2]}}
,"/Users/enzofalone/dev/gemstone/api/src/util/data.ts": {"path":"/Users/enzofalone/dev/gemstone/api/src/util/data.ts","statementMap":{"0":{"start":{"line":7,"column":23},"end":{"line":9,"column":1}},"1":{"start":{"line":8,"column":2},"end":{"line":8,"column":28}},"2":{"start":{"line":7,"column":13},"end":{"line":7,"column":23}}},"fnMap":{"0":{"name":"(anonymous_0)","decl":{"start":{"line":7,"column":23},"end":{"line":7,"column":24}},"loc":{"start":{"line":7,"column":50},"end":{"line":9,"column":1}}}},"branchMap":{},"s":{"0":2,"1":3,"2":2},"f":{"0":3},"b":{}}
,"/Users/enzofalone/dev/gemstone/api/src/util/error.ts": {"path":"/Users/enzofalone/dev/gemstone/api/src/util/error.ts","statementMap":{"0":{"start":{"line":9,"column":32},"end":{"line":19,"column":1}},"1":{"start":{"line":18,"column":2},"end":{"line":18,"column":47}},"2":{"start":{"line":9,"column":13},"end":{"line":9,"column":32}},"3":{"start":{"line":21,"column":0},"end":{"line":21,"column":null}},"4":{"start":{"line":22,"column":2},"end":{"line":22,"column":null}},"5":{"start":{"line":23,"column":2},"end":{"line":23,"column":null}},"6":{"start":{"line":24,"column":2},"end":{"line":24,"column":null}},"7":{"start":{"line":25,"column":2},"end":{"line":25,"column":null}}},"fnMap":{"0":{"name":"(anonymous_0)","decl":{"start":{"line":9,"column":32},"end":{"line":9,"column":33}},"loc":{"start":{"line":17,"column":20},"end":{"line":19,"column":1}}},"1":{"name":"(anonymous_1)","decl":{"start":{"line":21,"column":0},"end":{"line":21,"column":12}},"loc":{"start":{"line":21,"column":22},"end":{"line":26,"column":1}}}},"branchMap":{"0":{"loc":{"start":{"line":21,"column":12},"end":{"line":21,"column":null}},"type":"binary-expr","locations":[{"start":{"line":21,"column":12},"end":{"line":21,"column":22}},{"start":{"line":21,"column":22},"end":{"line":21,"column":null}}]}},"s":{"0":2,"1":0,"2":2,"3":2,"4":2,"5":2,"6":2,"7":2},"f":{"0":0,"1":2},"b":{"0":[2,2]}}
,"/Users/enzofalone/dev/gemstone/api/src/util/jwt.ts": {"path":"/Users/enzofalone/dev/gemstone/api/src/util/jwt.ts","statementMap":{"0":{"start":{"line":1,"column":0},"end":{"line":1,"column":16}},"1":{"start":{"line":2,"column":0},"end":{"line":2,"column":49}},"2":{"start":{"line":3,"column":0},"end":{"line":3,"column":55}},"3":{"start":{"line":4,"column":25},"end":{"line":4,"column":28}},"4":{"start":{"line":6,"column":25},"end":{"line":12,"column":1}},"5":{"start":{"line":7,"column":16},"end":{"line":9,"column":4}},"6":{"start":{"line":11,"column":2},"end":{"line":11,"column":27}},"7":{"start":{"line":6,"column":13},"end":{"line":6,"column":25}},"8":{"start":{"line":14,"column":25},"end":{"line":27,"column":1}},"9":{"start":{"line":15,"column":16},"end":{"line":15,"column":41}},"10":{"start":{"line":17,"column":2},"end":{"line":26,"column":3}},"11":{"start":{"line":18,"column":20},"end":{"line":18,"column":41}},"12":{"start":{"line":20,"column":4},"end":{"line":20,"column":19}},"13":{"start":{"line":22,"column":4},"end":{"line":25,"column":7}},"14":{"start":{"line":14,"column":13},"end":{"line":14,"column":25}}},"fnMap":{"0":{"name":"(anonymous_1)","decl":{"start":{"line":6,"column":25},"end":{"line":6,"column":26}},"loc":{"start":{"line":6,"column":69},"end":{"line":12,"column":1}}},"1":{"name":"(anonymous_2)","decl":{"start":{"line":14,"column":25},"end":{"line":14,"column":26}},"loc":{"start":{"line":14,"column":65},"end":{"line":27,"column":1}}}},"branchMap":{},"s":{"0":2,"1":2,"2":2,"3":2,"4":2,"5":0,"6":0,"7":2,"8":2,"9":0,"10":0,"11":0,"12":0,"13":0,"14":2},"f":{"0":0,"1":0},"b":{}}
}
