TN:
SF:src/config.ts
FNF:0
FNH:0
DA:1,2
DA:3,2
DA:4,2
DA:5,2
DA:8,2
LF:5
LH:5
BRDA:3,0,0,2
BRDA:3,0,1,0
BRDA:3,1,0,2
BRDA:3,1,1,2
BRDA:4,2,0,2
BRDA:4,2,1,0
BRDA:4,3,0,2
BRDA:4,3,1,2
BRDA:6,4,0,2
BRDA:6,4,1,0
BRDA:6,5,0,2
BRDA:6,5,1,2
BRDA:8,6,0,2
BRDA:8,6,1,2
BRF:14
BRH:11
end_of_record
TN:
SF:src/server.ts
FN:18,(anonymous_1)
FN:24,(anonymous_2)
FNF:2
FNH:2
FNDA:1,(anonymous_1)
FNDA:1,(anonymous_2)
DA:1,1
DA:2,1
DA:3,1
DA:4,1
DA:5,1
DA:6,1
DA:7,1
DA:9,1
DA:11,1
DA:12,1
DA:15,1
DA:18,1
DA:19,1
DA:22,1
DA:24,1
DA:25,1
DA:28,1
LF:17
LH:17
BRF:0
BRH:0
end_of_record
TN:
SF:src/controllers/user.ts
FN:10,(anonymous_8)
FN:34,(anonymous_10)
FNF:2
FNH:0
FNDA:0,(anonymous_8)
FNDA:0,(anonymous_10)
DA:2,1
DA:3,1
DA:5,1
DA:11,0
DA:13,0
DA:14,0
DA:22,0
DA:23,0
DA:28,0
DA:30,0
DA:35,0
DA:37,0
DA:38,0
DA:46,0
DA:47,0
DA:49,0
DA:51,0
LF:17
LH:3
BRDA:13,0,0,0
BRDA:13,1,0,0
BRDA:13,1,1,0
BRDA:37,2,0,0
BRDA:37,3,0,0
BRDA:37,3,1,0
BRF:6
BRH:0
end_of_record
TN:
SF:src/db/db.ts
FN:17,(anonymous_7)
FN:26,(anonymous_8)
FN:26,(anonymous_9)
FNF:3
FNH:0
FNDA:0,(anonymous_7)
FNDA:0,(anonymous_8)
FNDA:0,(anonymous_9)
DA:1,2
DA:2,2
DA:6,2
DA:17,2
DA:18,0
DA:19,0
DA:26,2
DA:27,0
DA:30,0
DA:31,0
DA:33,0
DA:35,0
DA:37,0
DA:39,0
DA:42,2
LF:15
LH:6
BRDA:31,0,0,0
BRDA:31,0,1,0
BRDA:31,1,0,0
BRDA:31,1,1,0
BRF:4
BRH:0
end_of_record
TN:
SF:src/middleware/error/generic-error.ts
FN:4,(anonymous_0)
FNF:1
FNH:0
FNDA:0,(anonymous_0)
DA:4,1
DA:10,0
LF:2
LH:1
BRF:0
BRH:0
end_of_record
TN:
SF:src/routes/auth.ts
FNF:0
FNH:0
DA:1,1
DA:2,1
DA:3,1
DA:5,1
DA:6,1
DA:9,1
DA:10,1
LF:7
LH:7
BRF:0
BRH:0
end_of_record
TN:
SF:src/services/user.ts
FN:10,(anonymous_14)
FN:49,(anonymous_16)
FN:88,(anonymous_18)
FNF:3
FNH:3
FNDA:3,(anonymous_14)
FNDA:3,(anonymous_16)
FNDA:5,(anonymous_18)
DA:1,2
DA:2,2
DA:3,2
DA:4,2
DA:5,2
DA:6,2
DA:7,2
DA:9,2
DA:12,3
DA:13,3
DA:14,1
DA:21,2
DA:23,2
DA:24,1
DA:28,1
DA:29,1
DA:39,1
DA:43,1
DA:45,0
DA:50,3
DA:51,3
DA:60,3
DA:61,1
DA:67,2
DA:70,2
DA:71,1
DA:78,1
DA:82,1
DA:84,2
DA:89,5
DA:98,5
DA:99,3
LF:32
LH:31
BRDA:13,0,0,1
BRDA:21,1,0,2
BRDA:21,1,1,0
BRDA:23,2,0,1
BRDA:60,3,0,1
BRDA:70,4,0,1
BRDA:98,5,0,2
BRF:7
BRH:6
end_of_record
TN:
SF:src/util/data.ts
FN:7,(anonymous_0)
FNF:1
FNH:1
FNDA:3,(anonymous_0)
DA:7,2
DA:8,3
LF:2
LH:2
BRF:0
BRH:0
end_of_record
TN:
SF:src/util/error.ts
FN:9,(anonymous_0)
FN:21,(anonymous_1)
FNF:2
FNH:1
FNDA:0,(anonymous_0)
FNDA:2,(anonymous_1)
DA:9,2
DA:18,0
DA:21,2
DA:22,2
DA:23,2
DA:24,2
DA:25,2
LF:7
LH:6
BRDA:21,0,0,2
BRDA:21,0,1,2
BRF:2
BRH:2
end_of_record
TN:
SF:src/util/jwt.ts
FN:6,(anonymous_1)
FN:14,(anonymous_2)
FNF:2
FNH:0
FNDA:0,(anonymous_1)
FNDA:0,(anonymous_2)
DA:1,2
DA:2,2
DA:3,2
DA:4,2
DA:6,2
DA:7,0
DA:11,0
DA:14,2
DA:15,0
DA:17,0
DA:18,0
DA:20,0
DA:22,0
LF:13
LH:6
BRF:0
BRH:0
end_of_record
